0 info it worked if it ends with ok
1 verbose cli [ '/usr/bin/node', '/usr/bin/npm', 'publish' ]
2 info using npm@3.5.2
3 info using node@v8.10.0
4 verbose publish [ '.' ]
5 silly cache add args [ '.', null ]
6 verbose cache add spec .
7 silly cache add parsed spec Result {
7 silly cache add   raw: '.',
7 silly cache add   scope: null,
7 silly cache add   name: null,
7 silly cache add   rawSpec: '.',
7 silly cache add   spec: '/home/local/IDEALINVEST/kevin.araujo/Documentos/kevin-project/node/node-beginning',
7 silly cache add   type: 'directory' }
8 verbose addLocalDirectory /home/local/IDEALINVEST/kevin.araujo/.npm/node-beginning/1.0.0/package.tgz not in flight; packing
9 info lifecycle node-beginning@1.0.0~prepublish: node-beginning@1.0.0
10 silly lifecycle node-beginning@1.0.0~prepublish: no script for prepublish, continuing
11 verbose tar pack [ '/home/local/IDEALINVEST/kevin.araujo/.npm/node-beginning/1.0.0/package.tgz',
11 verbose tar pack   '/home/local/IDEALINVEST/kevin.araujo/Documentos/kevin-project/node/node-beginning' ]
12 verbose tarball /home/local/IDEALINVEST/kevin.araujo/.npm/node-beginning/1.0.0/package.tgz
13 verbose folder /home/local/IDEALINVEST/kevin.araujo/Documentos/kevin-project/node/node-beginning
14 verbose addLocalTarball adding from inside cache /home/local/IDEALINVEST/kevin.araujo/.npm/node-beginning/1.0.0/package.tgz
15 silly cache afterAdd node-beginning@1.0.0
16 verbose afterAdd /home/local/IDEALINVEST/kevin.araujo/.npm/node-beginning/1.0.0/package/package.json not in flight; writing
17 verbose afterAdd /home/local/IDEALINVEST/kevin.araujo/.npm/node-beginning/1.0.0/package/package.json written
18 silly publish { name: 'node-beginning',
18 silly publish   version: '1.0.0',
18 silly publish   description: 'First project in node',
18 silly publish   main: 'app.js',
18 silly publish   scripts: { test: 'echo "Error: no test specified" && exit 1' },
18 silly publish   keywords: [ 'nodejs', 'init', 'kevin', 'nodejs' ],
18 silly publish   author: { name: 'Kevin Araújo' },
18 silly publish   license: 'ISC',
18 silly publish   devDependencies: {},
18 silly publish   dependencies: { 'console-log-hello-world': '^1.0.3' },
18 silly publish   readme: '# node-beginning\n\nMy first project in node js. It\'s only basic concepts, but very useful to start with that technology.',
18 silly publish   readmeFilename: 'README.md',
18 silly publish   gitHead: '846c5759075e711d98ab898b7bf751b84e2a453a',
18 silly publish   _id: 'node-beginning@1.0.0',
18 silly publish   _shasum: '18c311176e7d3ad61c53ccd3245cf084856873d0',
18 silly publish   _from: '.' }
19 verbose getPublishConfig undefined
20 silly mapToRegistry name node-beginning
21 silly mapToRegistry using default registry
22 silly mapToRegistry registry https://registry.npmjs.org/
23 silly mapToRegistry uri https://registry.npmjs.org/node-beginning
24 verbose publish registryBase https://registry.npmjs.org/
25 silly publish uploading /home/local/IDEALINVEST/kevin.araujo/.npm/node-beginning/1.0.0/package.tgz
26 verbose request uri https://registry.npmjs.org/node-beginning
27 verbose request sending authorization for write operation
28 info attempt registry request try #1 at 22:13:37
29 verbose request using bearer token for auth
30 verbose request id 46e78629c116c5d8
31 http request PUT https://registry.npmjs.org/node-beginning
32 http 403 https://registry.npmjs.org/node-beginning
33 verbose headers { date: 'Mon, 02 Mar 2020 01:13:37 GMT',
33 verbose headers   'content-type': 'application/json',
33 verbose headers   'transfer-encoding': 'chunked',
33 verbose headers   connection: 'keep-alive',
33 verbose headers   'set-cookie':
33 verbose headers    [ '__cfduid=dcff394f6f7c86b74b483908e913fc9e41583111617; expires=Wed, 01-Apr-20 01:13:37 GMT; path=/; domain=.npmjs.org; HttpOnly; SameSite=Lax' ],
33 verbose headers   'cf-ray': '56d741974de8f3c7-GRU',
33 verbose headers   'cf-cache-status': 'DYNAMIC',
33 verbose headers   'expect-ct': 'max-age=604800, report-uri="https://report-uri.cloudflare.com/cdn-cgi/beacon/expect-ct"',
33 verbose headers   vary: 'Accept-Encoding',
33 verbose headers   server: 'cloudflare',
33 verbose headers   'content-encoding': 'gzip' }
34 verbose request invalidating /home/local/IDEALINVEST/kevin.araujo/.npm/registry.npmjs.org/node-beginning on PUT
35 error publish Failed PUT 403
36 verbose stack Error: you must verify your email before publishing a new package: https://www.npmjs.com/email-edit : node-beginning
36 verbose stack     at makeError (/usr/share/npm/node_modules/npm-registry-client/lib/request.js:264:12)
36 verbose stack     at CachingRegistryClient.<anonymous> (/usr/share/npm/node_modules/npm-registry-client/lib/request.js:252:14)
36 verbose stack     at /usr/share/npm/node_modules/npm-registry-client/lib/request.js:178:7
36 verbose stack     at Gunzip.onEnd (zlib.js:131:5)
36 verbose stack     at emitNone (events.js:111:20)
36 verbose stack     at Gunzip.emit (events.js:208:7)
36 verbose stack     at endReadableNT (_stream_readable.js:1064:12)
36 verbose stack     at _combinedTickCallback (internal/process/next_tick.js:138:11)
36 verbose stack     at process._tickCallback (internal/process/next_tick.js:180:9)
37 verbose statusCode 403
38 verbose pkgid node-beginning
39 verbose cwd /home/local/IDEALINVEST/kevin.araujo/Documentos/kevin-project/node/node-beginning
40 error Linux 4.15.0-88-generic
41 error argv "/usr/bin/node" "/usr/bin/npm" "publish"
42 error node v8.10.0
43 error npm  v3.5.2
44 error code E403
45 error you must verify your email before publishing a new package: https://www.npmjs.com/email-edit : node-beginning
46 error If you need help, you may report this error at:
46 error     <https://github.com/npm/npm/issues>
47 verbose exit [ 1, true ]
